
╔════════════════════════════════════════════════════════════╗
║  Marketplace Reset API Server                              ║
╠════════════════════════════════════════════════════════════╣
║  Listening on port 3001                                    ║
║  Health:   GET  /api/health                                ║
║  Reset:    POST /api/send-reset                            ║
║  Confirm:  POST /api/send-confirmation                     ║
╚════════════════════════════════════════════════════════════╝

[Server] Firebase Admin init starting...
[Server]   Service account file found: YES
[Server]   Service account path: c:\projrcts\market-place\scripts\serviceAccount.json
[Server]   ServiceAccount.project_id: marketplace-app-3b3f7
[Server]   ServiceAccount.client_email: firebase-adminsdk-fbsvc@marketplace-app-3b3f7.iam.gserviceaccount.com
[Server]   ServiceAccount has private_key: true
[Server] ✅ Firebase Admin initialized with service account
[Server] Reset requested for: stevesbet1@gmail.com
[Server] Calling admin.auth().generatePasswordResetLink...
[Server]   Email: stevesbet1@gmail.com
[Server]   actionCodeSettings: {"url":"https://marketplace-app-3b3f7.web.app/reset-password.html","handleCodeInApp":false}
[Server] ✅ Firebase link generated in 1551ms
[Server] Generated link: https://marketplace-app-3b3f7.firebaseapp.com/__/auth/action?mode=resetPassword&oobCode=aDEkSjoyejHCk2E0co4v9FJuiI_pDN74...
[Server] Direct reset link constructed: https://marketplace-app-3b3f7.web.app/reset-password.html?oobCode=aDEkSjoyejHCk2E0co4v9FJuiI_pDN74Lh-l3a_fHDYAAAGeNXo5Aw...
[Server] ✅ Email sent via Resend. ID: 46608f3f-96e1-40e6-824b-245a75feee6b | Total: 2765ms
[Server] /api/send-confirmation hit. Raw body email: stevesbet1@gmail.com
[Server] ✅ Confirmation email sent via Resend. ID: 50b66487-e7b8-4a89-8552-f5e629e0a324 | Total: 438ms
[Server] Reset requested for: stevesbet1@gmail.com
[Server] Calling admin.auth().generatePasswordResetLink...
[Server]   Email: stevesbet1@gmail.com
[Server]   actionCodeSettings: {"url":"https://marketplace-app-3b3f7.web.app/reset-password.html","handleCodeInApp":false}
[Server] ✅ Firebase link generated in 607ms
[Server] Generated link: https://marketplace-app-3b3f7.firebaseapp.com/__/auth/action?mode=resetPassword&oobCode=shXkKQmsd7B-yKf87R2Q9hfpocxtN2Y3...
[Server] Direct reset link constructed: https://marketplace-app-3b3f7.web.app/reset-password.html?oobCode=shXkKQmsd7B-yKf87R2Q9hfpocxtN2Y39nbWbkuVjBEAAAGeNYtIcg...
[Server] ✅ Email sent via Resend. ID: c8d9ab49-95f3-47e4-832a-6c50071f5b68 | Total: 1529ms
[Server] Reset requested for: stevesbet1@gmail.com
[Server] Calling admin.auth().generatePasswordResetLink...
[Server]   Email: stevesbet1@gmail.com
[Server]   actionCodeSettings: {"url":"https://marketplace-app-3b3f7.web.app/reset-password.html","handleCodeInApp":false}
[Server] ✅ Firebase link generated in 2278ms
[Server] Generated link: https://marketplace-app-3b3f7.firebaseapp.com/__/auth/action?mode=resetPassword&oobCode=OZmRK47S8FgYSZ5xqnp0zz6LjcdWKhwU...
[Server] Direct reset link constructed: https://marketplace-app-3b3f7.web.app/reset-password.html?oobCode=OZmRK47S8FgYSZ5xqnp0zz6LjcdWKhwUcx7nQz-aswIAAAGeNbB9SQ...
[Server] ✅ Email sent via Resend. ID: 572b1a36-7d71-4dce-8d19-7493b4c7c953 | Total: 2696ms
